<?xml version="1.0" encoding="UTF-8"?><testsuite errors="1" failures="0" name="uTest register" skipped="0" tests="1" time="47.84" timestamp="2021-11-04 01:54:23"><testcase name="Enter the registry by clicking on Join Today"><error message="Arity mismatch: Step Definition 'co.com.choucair.certification.pruebatecnica.stepdefinitions.uTestStepDefinitions.heOpensTheRegistrationForm(UTestData&gt;) in file:/C:/Users/roaco/Desktop/Proyectos/pruebaTecnicaChoucair/build/classes/java/test/' with pattern [^he opens the registration form$] is declared with 1 parameters. However, the gherkin step has 0 arguments []. &#10;Step text: he opens the registration form" type="cucumber.runtime.CucumberException">Arity mismatch: Step Definition 'co.com.choucair.certification.pruebatecnica.stepdefinitions.uTestStepDefinitions.heOpensTheRegistrationForm(UTestData&gt;) in file:/C:/Users/roaco/Desktop/Proyectos/pruebaTecnicaChoucair/build/classes/java/test/' with pattern [^he opens the registration form$] is declared with 1 parameters. However, the gherkin step has 0 arguments []. 
Step text: he opens the registration form</error><system-err>Arity mismatch: Step Definition 'co.com.choucair.certification.pruebatecnica.stepdefinitions.uTestStepDefinitions.heOpensTheRegistrationForm(UTestData&gt;) in file:/C:/Users/roaco/Desktop/Proyectos/pruebaTecnicaChoucair/build/classes/java/test/' with pattern [^he opens the registration form$] is declared with 1 parameters. However, the gherkin step has 0 arguments []. 
Step text: he opens the registration form&#13;
cucumber.runner.Runner.runPickle(Runner.java:80)&#13;
</system-err></testcase></testsuite>